make --dry-run --always-make --keep-going --print-directory
make: Entering directory `/Users/andreistroe/Exercism/cpp/raindrops'
/usr/local/Cellar/cmake/3.19.2/bin/cmake -S/Users/andreistroe/Exercism/cpp/raindrops -B/Users/andreistroe/Exercism/cpp/raindrops --check-build-system CMakeFiles/Makefile.cmake 0
/usr/local/Cellar/cmake/3.19.2/bin/cmake -E cmake_progress_start /Users/andreistroe/Exercism/cpp/raindrops/CMakeFiles /Users/andreistroe/Exercism/cpp/raindrops//CMakeFiles/progress.marks
/Applications/Xcode.app/Contents/Developer/usr/bin/make -s -f CMakeFiles/Makefile2 all
 
make[1]: Entering directory `/Users/andreistroe/Exercism/cpp/raindrops'
/Applications/Xcode.app/Contents/Developer/usr/bin/make -s -f CMakeFiles/raindrops.dir/build.make CMakeFiles/raindrops.dir/depend
 
make[2]: Entering directory `/Users/andreistroe/Exercism/cpp/raindrops'
cd /Users/andreistroe/Exercism/cpp/raindrops && /usr/local/Cellar/cmake/3.19.2/bin/cmake -E cmake_depends "Unix Makefiles" /Users/andreistroe/Exercism/cpp/raindrops /Users/andreistroe/Exercism/cpp/raindrops /Users/andreistroe/Exercism/cpp/raindrops /Users/andreistroe/Exercism/cpp/raindrops /Users/andreistroe/Exercism/cpp/raindrops/CMakeFiles/raindrops.dir/DependInfo.cmake --color=
 
make[2]: Leaving directory `/Users/andreistroe/Exercism/cpp/raindrops'
/Applications/Xcode.app/Contents/Developer/usr/bin/make -s -f CMakeFiles/raindrops.dir/build.make CMakeFiles/raindrops.dir/build
 
make[2]: Entering directory `/Users/andreistroe/Exercism/cpp/raindrops'
/usr/local/Cellar/cmake/3.19.2/bin/cmake -E cmake_echo_color --switch= --green --progress-dir=/Users/andreistroe/Exercism/cpp/raindrops/CMakeFiles --progress-num=1 "Building CXX object CMakeFiles/raindrops.dir/raindrops_test.cpp.o"
/Applications/Xcode.app/Contents/Developer/Toolchains/XcodeDefault.xctoolchain/usr/bin/c++   -g -isysroot /Applications/Xcode.app/Contents/Developer/Platforms/MacOSX.platform/Developer/SDKs/MacOSX11.3.sdk -Wall -Wextra -Wpedantic -Werror -std=c++17 -o CMakeFiles/raindrops.dir/raindrops_test.cpp.o -c /Users/andreistroe/Exercism/cpp/raindrops/raindrops_test.cpp
/usr/local/Cellar/cmake/3.19.2/bin/cmake -E cmake_echo_color --switch= --green --progress-dir=/Users/andreistroe/Exercism/cpp/raindrops/CMakeFiles --progress-num=2 "Building CXX object CMakeFiles/raindrops.dir/raindrops.cpp.o"
/Applications/Xcode.app/Contents/Developer/Toolchains/XcodeDefault.xctoolchain/usr/bin/c++   -g -isysroot /Applications/Xcode.app/Contents/Developer/Platforms/MacOSX.platform/Developer/SDKs/MacOSX11.3.sdk -Wall -Wextra -Wpedantic -Werror -std=c++17 -o CMakeFiles/raindrops.dir/raindrops.cpp.o -c /Users/andreistroe/Exercism/cpp/raindrops/raindrops.cpp
 
/usr/local/Cellar/cmake/3.19.2/bin/cmake -E cmake_echo_color --switch= --green --progress-dir=/Users/andreistroe/Exercism/cpp/raindrops/CMakeFiles --progress-num=3 "Building CXX object CMakeFiles/raindrops.dir/test/tests-main.cpp.o"
/Applications/Xcode.app/Contents/Developer/Toolchains/XcodeDefault.xctoolchain/usr/bin/c++   -g -isysroot /Applications/Xcode.app/Contents/Developer/Platforms/MacOSX.platform/Developer/SDKs/MacOSX11.3.sdk -Wall -Wextra -Wpedantic -Werror -std=c++17 -o CMakeFiles/raindrops.dir/test/tests-main.cpp.o -c /Users/andreistroe/Exercism/cpp/raindrops/test/tests-main.cpp
/usr/local/Cellar/cmake/3.19.2/bin/cmake -E cmake_echo_color --switch= --green --bold --progress-dir=/Users/andreistroe/Exercism/cpp/raindrops/CMakeFiles --progress-num=4 "Linking CXX executable raindrops"
/usr/local/Cellar/cmake/3.19.2/bin/cmake -E cmake_link_script CMakeFiles/raindrops.dir/link.txt --verbose=
make[2]: Leaving directory `/Users/andreistroe/Exercism/cpp/raindrops'
 
/usr/local/Cellar/cmake/3.19.2/bin/cmake -E cmake_echo_color --switch= --progress-dir=/Users/andreistroe/Exercism/cpp/raindrops/CMakeFiles --progress-num=1,2,3,4 "Built target raindrops"
/Applications/Xcode.app/Contents/Developer/usr/bin/make -s -f CMakeFiles/test_raindrops.dir/build.make CMakeFiles/test_raindrops.dir/depend
 
make[2]: Entering directory `/Users/andreistroe/Exercism/cpp/raindrops'
cd /Users/andreistroe/Exercism/cpp/raindrops && /usr/local/Cellar/cmake/3.19.2/bin/cmake -E cmake_depends "Unix Makefiles" /Users/andreistroe/Exercism/cpp/raindrops /Users/andreistroe/Exercism/cpp/raindrops /Users/andreistroe/Exercism/cpp/raindrops /Users/andreistroe/Exercism/cpp/raindrops /Users/andreistroe/Exercism/cpp/raindrops/CMakeFiles/test_raindrops.dir/DependInfo.cmake --color=
make[2]: Leaving directory `/Users/andreistroe/Exercism/cpp/raindrops'
 
/Applications/Xcode.app/Contents/Developer/usr/bin/make -s -f CMakeFiles/test_raindrops.dir/build.make CMakeFiles/test_raindrops.dir/build
 
make[2]: Entering directory `/Users/andreistroe/Exercism/cpp/raindrops'
./raindrops
make[2]: Leaving directory `/Users/andreistroe/Exercism/cpp/raindrops'
 
/usr/local/Cellar/cmake/3.19.2/bin/cmake -E cmake_echo_color --switch= --progress-dir=/Users/andreistroe/Exercism/cpp/raindrops/CMakeFiles --progress-num= "Built target test_raindrops"
make[1]: Leaving directory `/Users/andreistroe/Exercism/cpp/raindrops'
 
/usr/local/Cellar/cmake/3.19.2/bin/cmake -E cmake_progress_start /Users/andreistroe/Exercism/cpp/raindrops/CMakeFiles 0
make: Leaving directory `/Users/andreistroe/Exercism/cpp/raindrops'
 
