make all --print-data-base --no-builtin-variables --no-builtin-rules --question
# GNU Make 3.81
# Copyright (C) 2006  Free Software Foundation, Inc.
# This is free software; see the source for copying conditions.
# There is NO warranty; not even for MERCHANTABILITY or FITNESS FOR A
# PARTICULAR PURPOSE.

# This program built for i386-apple-darwin11.3.0
 

# Make data base, printed on Sat Dec 11 18:32:52 2021

# Variables

# automatic
<D = $(patsubst %/,%,$(dir $<))
# automatic
?F = $(notdir $?)
# environment
ELECTRON_NO_ATTACH_CONSOLE = 1
# environment
VK_LAYER_PATH = /Users/andreistroe/Documents/med-admission/macOS/share/vulkan/explicit_layer.d
# environment
VSCODE_LOG_NATIVE = false
# automatic
?D = $(patsubst %/,%,$(dir $?))
# automatic
@D = $(patsubst %/,%,$(dir $@))
# automatic
@F = $(notdir $@)
 
# makefile
CURDIR := /Users/andreistroe/Exercism/cpp/raindrops
# makefile (from `Makefile', line 58)
SHELL = /bin/sh
# makefile (from `Makefile', line 64)
RM = /usr/local/Cellar/cmake/3.19.2/bin/cmake -E rm -f
# environment
VSCODE_NLS_CONFIG = {"locale":"it","availableLanguages":{"*":"it"},"_languagePackId":"3bd6a9f9f3cef3eaaa7e86f8eec55884.it","_translationsConfigFile":"/Users/andreistroe/Library/Application Support/Code/clp/3bd6a9f9f3cef3eaaa7e86f8eec55884.it/tcf.json","_cacheRoot":"/Users/andreistroe/Library/Application Support/Code/clp/3bd6a9f9f3cef3eaaa7e86f8eec55884.it","_resolvedLanguagePackCoreLocation":"/Users/andreistroe/Library/Application Support/Code/clp/3bd6a9f9f3cef3eaaa7e86f8eec55884.it/7db1a2b88f7557e0a43fec75b6ba7e50b3e9f77e","_corruptedFile":"/Users/andreistroe/Library/Application Support/Code/clp/3bd6a9f9f3cef3eaaa7e86f8eec55884.it/corrupted.info","_languagePackSupport":true}
# environment
_ = /usr/bin/make
# makefile (from `Makefile', line 73)
CMAKE_BINARY_DIR = /Users/andreistroe/Exercism/cpp/raindrops
# makefile (from `Makefile', line 1)
MAKEFILE_LIST :=  Makefile
# environment
VSCODE_VERBOSE_LOGGING = true
# environment
__CFBundleIdentifier = com.microsoft.VSCode
# makefile (from `Makefile', line 44)
MAKESILENT = -s
# environment
VSCODE_IPC_HOOK_EXTHOST = /var/folders/ld/r28t5pbn1jscz12qgqzcy1ym0000gn/T/vscode-ipc-81e95b3c-7866-4b7c-adc9-e93b769138ab.sock
# environment
VSCODE_CWD = /Users/andreistroe/Exercism/cpp/raindrops
# environment
PATH = /Users/andreistroe/opt/anaconda3/bin:/Users/andreistroe/opt/anaconda3/condabin:/Users/andreistroe/.pyenv/bin:/Users/andreistroe/.local/bin:vulkansdk/macOS/bin:/usr/local/opt/ncurses/bin:/Users/andreistroe/.pyenv/bin:/usr/local/bin:/usr/bin:/bin:/usr/sbin:/sbin:/usr/local/share/dotnet:~/.dotnet/tools:/Library/Apple/usr/bin:/Library/Frameworks/Mono.framework/Versions/Current/Commands:/Users/andreistroe/Code/flutter/bin:/Users/andreistroe/Documents/med-admission/macOS/bin:/Users/andreistroe/.fzf/bin
# environment
LSCOLORS = ExFxBxDxCxegedabagacad
# environment
LaunchInstanceID = 30978D6D-C89F-4B6E-8EBE-9D3219666B82
# environment
VSCODE_LOG_STACK = false
# environment
ELECTRON_RUN_AS_NODE = 1
# environment
PYENV_ROOT = /Users/andreistroe/.pyenv
# default
.FEATURES := target-specific order-only second-expansion else-if archives jobserver check-symlink
# environment
SSH_AUTH_SOCK = /private/tmp/com.apple.launchd.x5uzOjGSgq/Listeners
# automatic
%F = $(notdir $%)
# environment
CONDA_EXE = /Users/andreistroe/opt/anaconda3/bin/conda
# environment
VSCODE_PIPE_LOGGING = true
# environment
PWD = /Users/andreistroe/Exercism/cpp/raindrops
# environment
ORIGINAL_XDG_CURRENT_DESKTOP = undefined
# environment
VSCODE_AMD_ENTRYPOINT = vs/workbench/services/extensions/node/extensionHostProcess
# environment
PYENV_SHELL = zsh
# environment
HOME = /Users/andreistroe
# default
MAKEFILEPATH := /Applications/Xcode.app/Contents/Developer/Makefiles
# environment
VSCODE_CLI = 1
# environment
VSCODE_CODE_CACHE_PATH = /Users/andreistroe/Library/Application Support/Code/CachedData/7db1a2b88f7557e0a43fec75b6ba7e50b3e9f77e
# environment
LOGNAME = andreistroe
# environment
APPLICATION_INSIGHTS_NO_DIAGNOSTIC_CHANNEL = true
# makefile (from `Makefile', line 67)
EQUALS = =
# environment
CONDA_PROMPT_MODIFIER = (base) 
# environment
VSCODE_HANDLES_UNCAUGHT_ERRORS = true
# automatic
^D = $(patsubst %/,%,$(dir $^))
# environment
CONDA_DEFAULT_ENV = base
# environment
XPC_FLAGS = 0x0
# default
MAKE = $(MAKE_COMMAND)
# default
MAKECMDGOALS := all
# environment
SHLVL = 3
# default
MAKE_VERSION := 3.81
# environment
USER = andreistroe
# environment
VK_ICD_FILENAMES = /Users/andreistroe/Documents/med-admission/macOS/share/vulkan/icd.d/MoltenVK_icd.json
# makefile
.DEFAULT_GOAL := default_target
# makefile (from `Makefile', line 70)
CMAKE_SOURCE_DIR = /Users/andreistroe/Exercism/cpp/raindrops
# environment
TERM_SESSION_ID = 1E895061-E56A-44D4-A8DC-1DF54993A01C
# automatic
%D = $(patsubst %/,%,$(dir $%))
# environment
CONDA_SHLVL = 1
# default
MAKE_COMMAND := /Applications/Xcode.app/Contents/Developer/usr/bin/make
# environment
TERM_PROGRAM = Apple_Terminal
# default
.VARIABLES := 
# environment
TMPDIR = /var/folders/ld/r28t5pbn1jscz12qgqzcy1ym0000gn/T/
# automatic
*F = $(notdir $*)
# environment
VSCODE_IPC_HOOK = /Users/andreistroe/Library/Application Support/Code/1.63.0-main.sock
# makefile
MAKEFLAGS = sRrqp
# environment
MFLAGS = -sRrqp
# automatic
*D = $(patsubst %/,%,$(dir $*))
# environment
TERM_PROGRAM_VERSION = 443
# environment
XPC_SERVICE_NAME = application.com.microsoft.VSCode.95914519.95914525.95BF30AB-9CDD-4BE8-B0DB-1F5272E94E4F
# automatic
+D = $(patsubst %/,%,$(dir $+))
# automatic
+F = $(notdir $+)
# environment
__CF_USER_TEXT_ENCODING = 0x1F5:0x0:0x4
# environment
COMMAND_MODE = unix2003
# default
MAKEFILES := 
# automatic
<F = $(notdir $<)
# environment
LC_ALL = C
# environment
CONDA_PYTHON_EXE = /Users/andreistroe/opt/anaconda3/bin/python
# environment
SECURITYSESSIONID = 186a7
# makefile (from `Makefile', line 61)
CMAKE_COMMAND = /usr/local/Cellar/cmake/3.19.2/bin/cmake
# automatic
^F = $(notdir $^)
# default
SUFFIXES := 
 
# environment
_CE_M = 
# default
.INCLUDE_DIRS = /usr/local/include
# environment
MAKELEVEL := 0
# environment
VULKAN_SDK = /Users/andreistroe/Documents/med-admission/macOS
# environment
CLICOLOR = 1
# environment
CONDA_PREFIX = /Users/andreistroe/opt/anaconda3
# environment
TERM = xterm-256color
# environment
VSCODE_PID = 35200
# environment
_CE_CONDA = 
# environment
LANG = C
# variable set hash-table stats:
# Load=91/1024=9%, Rehash=0, Collisions=4/123=3%

# Pattern-specific Variable Values

# No pattern-specific variable values.

# Directories

# SCCS: could not be stat'd.
# . (device 16777222, inode 89954229): 16 files, no impossibilities.
# RCS: could not be stat'd.

# 16 files, no impossibilities in 3 directories.

# Implicit Rules

%: %,v

%: RCS/%

%: RCS/%,v

%: SCCS/s.%

%: s.%

%.hpux_make_needs_suffix_list:

# 6 implicit rules, 0 (0.0%) terminal.

# Files

cmake_force:
#  Phony target (prerequisite of .PHONY).
#  Implicit rule search has not been done.
#  File does not exist.
#  File has not been updated.

edit_cache:
#  Phony target (prerequisite of .PHONY).
#  Implicit rule search has not been done.
#  File does not exist.
#  File has not been updated.
#  commands to execute (from `Makefile', line 91):
	@$(CMAKE_COMMAND) -E cmake_echo_color --switch=$(COLOR) --cyan "Running CMake cache editor..."
	/usr/local/Cellar/cmake/3.19.2/bin/ccmake -S$(CMAKE_SOURCE_DIR) -B$(CMAKE_BINARY_DIR)
	

all: cmake_check_build_system
#  Phony target (prerequisite of .PHONY).
#  Command-line target.
#  Implicit rule search has not been done.
#  File does not exist.
#  File has been updated.
#  Needs to be updated (-q is set).
# variable set hash-table stats:
# Load=0/32=0%, Rehash=0, Collisions=0/5=0%
#  commands to execute (from `Makefile', line 102):
	$(CMAKE_COMMAND) -E cmake_progress_start /Users/andreistroe/Exercism/cpp/raindrops/CMakeFiles /Users/andreistroe/Exercism/cpp/raindrops//CMakeFiles/progress.marks
	$(MAKE) $(MAKESILENT) -f CMakeFiles/Makefile2 all
	$(CMAKE_COMMAND) -E cmake_progress_start /Users/andreistroe/Exercism/cpp/raindrops/CMakeFiles 0
	

.PHONY: default_target cmake_force rebuild_cache rebuild_cache/fast edit_cache edit_cache/fast all clean clean/fast preinstall preinstall/fast depend test_raindrops test_raindrops/fast raindrops raindrops/fast raindrops.o raindrops.cpp.o raindrops.i raindrops.cpp.i raindrops.s raindrops.cpp.s raindrops_test.o raindrops_test.cpp.o raindrops_test.i raindrops_test.cpp.i raindrops_test.s raindrops_test.cpp.s test/tests-main.o test/tests-main.cpp.o test/tests-main.i test/tests-main.cpp.i test/tests-main.s test/tests-main.cpp.s help cmake_check_build_system
#  Implicit rule search has not been done.
#  Modification time never checked.
#  File has not been updated.

raindrops_test.cpp.i:
#  Phony target (prerequisite of .PHONY).
#  Implicit rule search has not been done.
#  File does not exist.
#  File has not been updated.
#  commands to execute (from `Makefile', line 200):
	$(MAKE) $(MAKESILENT) -f CMakeFiles/raindrops.dir/build.make CMakeFiles/raindrops.dir/raindrops_test.cpp.i
	

raindrops_test.cpp.o:
#  Phony target (prerequisite of .PHONY).
#  Implicit rule search has not been done.
#  File does not exist.
#  File has not been updated.
#  commands to execute (from `Makefile', line 191):
	$(MAKE) $(MAKESILENT) -f CMakeFiles/raindrops.dir/build.make CMakeFiles/raindrops.dir/raindrops_test.cpp.o
	

preinstall/fast:
#  Phony target (prerequisite of .PHONY).
#  Implicit rule search has not been done.
#  File does not exist.
#  File has not been updated.
#  commands to execute (from `Makefile', line 124):
	$(MAKE) $(MAKESILENT) -f CMakeFiles/Makefile2 preinstall
	

test_raindrops/fast:
#  Phony target (prerequisite of .PHONY).
#  Implicit rule search has not been done.
#  File does not exist.
#  File has not been updated.
#  commands to execute (from `Makefile', line 142):
	$(MAKE) $(MAKESILENT) -f CMakeFiles/test_raindrops.dir/build.make CMakeFiles/test_raindrops.dir/build
	

test/tests-main.s: test/tests-main.cpp.s
#  Phony target (prerequisite of .PHONY).
#  Implicit rule search has not been done.
#  File does not exist.
#  File has not been updated.

.SUFFIXES: .hpux_make_needs_suffix_list
#  Implicit rule search has not been done.
#  Modification time never checked.
#  File has not been updated.

# Not a target:
Makefile:
#  Implicit rule search has been done.
#  Last modified 2021-10-18 01:11:04
#  File has been updated.
#  Successfully updated.
# variable set hash-table stats:
# Load=0/32=0%, Rehash=0, Collisions=0/0=0%

raindrops.s: raindrops.cpp.s
#  Phony target (prerequisite of .PHONY).
#  Implicit rule search has not been done.
#  File does not exist.
#  File has not been updated.

.NOTPARALLEL:
#  Implicit rule search has not been done.
#  Modification time never checked.
#  File has not been updated.

clean/fast: clean
#  Phony target (prerequisite of .PHONY).
#  Implicit rule search has not been done.
#  File does not exist.
#  File has not been updated.

cmake_check_build_system:
#  Phony target (prerequisite of .PHONY).
#  Implicit rule search has not been done.
#  Implicit/static pattern stem: `'
#  File does not exist.
#  File has been updated.
#  Needs to be updated (-q is set).
# automatic
# @ := cmake_check_build_system
# automatic
# % := 
# automatic
# * := 
# automatic
# + := 
# automatic
# | := 
# automatic
# < := 
# automatic
# ^ := 
# automatic
# ? := 
# variable set hash-table stats:
 
# Load=8/32=25%, Rehash=0, Collisions=3/13=23%
#  commands to execute (from `Makefile', line 269):
	$(CMAKE_COMMAND) -S$(CMAKE_SOURCE_DIR) -B$(CMAKE_BINARY_DIR) --check-build-system CMakeFiles/Makefile.cmake 0
	

test/tests-main.cpp.i:
#  Phony target (prerequisite of .PHONY).
#  Implicit rule search has not been done.
#  File does not exist.
#  File has not been updated.
#  commands to execute (from `Makefile', line 227):
	$(MAKE) $(MAKESILENT) -f CMakeFiles/raindrops.dir/build.make CMakeFiles/raindrops.dir/test/tests-main.cpp.i
	

test/tests-main.cpp.o:
#  Phony target (prerequisite of .PHONY).
#  Implicit rule search has not been done.
#  File does not exist.
#  File has not been updated.
#  commands to execute (from `Makefile', line 218):
	$(MAKE) $(MAKESILENT) -f CMakeFiles/raindrops.dir/build.make CMakeFiles/raindrops.dir/test/tests-main.cpp.o
	

help:
#  Phony target (prerequisite of .PHONY).
#  Implicit rule search has not been done.
#  File does not exist.
#  File has not been updated.
#  commands to execute (from `Makefile', line 241):
	@echo "The following are some of the valid targets for this Makefile:"
	@echo "... all (the default if no target is provided)"
	@echo "... clean"
	@echo "... depend"
	@echo "... edit_cache"
	@echo "... rebuild_cache"
	@echo "... test_raindrops"
	@echo "... raindrops"
	@echo "... raindrops.o"
	@echo "... raindrops.i"
	@echo "... raindrops.s"
	@echo "... raindrops_test.o"
	@echo "... raindrops_test.i"
	@echo "... raindrops_test.s"
	@echo "... test/tests-main.o"
	@echo "... test/tests-main.i"
	@echo "... test/tests-main.s"
	

raindrops.cpp.i:
#  Phony target (prerequisite of .PHONY).
#  Implicit rule search has not been done.
#  File does not exist.
#  File has not been updated.
#  commands to execute (from `Makefile', line 173):
	$(MAKE) $(MAKESILENT) -f CMakeFiles/raindrops.dir/build.make CMakeFiles/raindrops.dir/raindrops.cpp.i
	

preinstall: all
#  Phony target (prerequisite of .PHONY).
#  Implicit rule search has not been done.
#  File does not exist.
#  File has not been updated.
#  commands to execute (from `Makefile', line 119):
	$(MAKE) $(MAKESILENT) -f CMakeFiles/Makefile2 preinstall
	

raindrops.cpp.o:
#  Phony target (prerequisite of .PHONY).
#  Implicit rule search has not been done.
#  File does not exist.
#  File has not been updated.
#  commands to execute (from `Makefile', line 164):
	$(MAKE) $(MAKESILENT) -f CMakeFiles/raindrops.dir/build.make CMakeFiles/raindrops.dir/raindrops.cpp.o
	

test_raindrops: cmake_check_build_system
#  Phony target (prerequisite of .PHONY).
#  Implicit rule search has not been done.
#  File does not exist.
#  File has not been updated.
#  commands to execute (from `Makefile', line 137):
	$(MAKE) $(MAKESILENT) -f CMakeFiles/Makefile2 test_raindrops
	

.SILENT:
#  Implicit rule search has not been done.
#  Modification time never checked.
#  File has not been updated.

depend:
#  Phony target (prerequisite of .PHONY).
#  Implicit rule search has not been done.
#  File does not exist.
#  File has not been updated.
#  commands to execute (from `Makefile', line 129):
	$(CMAKE_COMMAND) -S$(CMAKE_SOURCE_DIR) -B$(CMAKE_BINARY_DIR) --check-build-system CMakeFiles/Makefile.cmake 1
	

raindrops_test.cpp.s:
#  Phony target (prerequisite of .PHONY).
#  Implicit rule search has not been done.
#  File does not exist.
#  File has not been updated.
#  commands to execute (from `Makefile', line 209):
	$(MAKE) $(MAKESILENT) -f CMakeFiles/raindrops.dir/build.make CMakeFiles/raindrops.dir/raindrops_test.cpp.s
	

# Not a target:
.DEFAULT:
#  Implicit rule search has not been done.
#  Modification time never checked.
#  File has not been updated.

default_target: all
#  Phony target (prerequisite of .PHONY).
#  Implicit rule search has not been done.
#  File does not exist.
#  File has not been updated.

raindrops_test.i: raindrops_test.cpp.i
#  Phony target (prerequisite of .PHONY).
#  Implicit rule search has not been done.
#  File does not exist.
#  File has not been updated.

raindrops_test.o: raindrops_test.cpp.o
#  Phony target (prerequisite of .PHONY).
#  Implicit rule search has not been done.
#  File does not exist.
#  File has not been updated.

raindrops/fast:
#  Phony target (prerequisite of .PHONY).
#  Implicit rule search has not been done.
#  File does not exist.
#  File has not been updated.
#  commands to execute (from `Makefile', line 155):
	$(MAKE) $(MAKESILENT) -f CMakeFiles/raindrops.dir/build.make CMakeFiles/raindrops.dir/build
	

clean:
#  Phony target (prerequisite of .PHONY).
#  Implicit rule search has not been done.
#  File does not exist.
#  File has not been updated.
#  commands to execute (from `Makefile', line 109):
	$(MAKE) $(MAKESILENT) -f CMakeFiles/Makefile2 clean
	

rebuild_cache/fast: rebuild_cache
#  Phony target (prerequisite of .PHONY).
#  Implicit rule search has not been done.
#  File does not exist.
#  File has not been updated.

edit_cache/fast: edit_cache
#  Phony target (prerequisite of .PHONY).
#  Implicit rule search has not been done.
#  File does not exist.
#  File has not been updated.

test/tests-main.cpp.s:
#  Phony target (prerequisite of .PHONY).
#  Implicit rule search has not been done.
#  File does not exist.
#  File has not been updated.
#  commands to execute (from `Makefile', line 236):
	$(MAKE) $(MAKESILENT) -f CMakeFiles/raindrops.dir/build.make CMakeFiles/raindrops.dir/test/tests-main.cpp.s
	

raindrops.cpp.s:
#  Phony target (prerequisite of .PHONY).
#  Implicit rule search has not been done.
#  File does not exist.
#  File has not been updated.
#  commands to execute (from `Makefile', line 182):
	$(MAKE) $(MAKESILENT) -f CMakeFiles/raindrops.dir/build.make CMakeFiles/raindrops.dir/raindrops.cpp.s
	

# Not a target:
.hpux_make_needs_suffix_list:
#  Implicit rule search has not been done.
#  Modification time never checked.
#  File has not been updated.

test/tests-main.i: test/tests-main.cpp.i
#  Phony target (prerequisite of .PHONY).
#  Implicit rule search has not been done.
#  File does not exist.
#  File has not been updated.

test/tests-main.o: test/tests-main.cpp.o
#  Phony target (prerequisite of .PHONY).
#  Implicit rule search has not been done.
#  File does not exist.
#  File has not been updated.

raindrops.i: raindrops.cpp.i
#  Phony target (prerequisite of .PHONY).
#  Implicit rule search has not been done.
 
#  File does not exist.
#  File has not been updated.

raindrops.o: raindrops.cpp.o
#  Phony target (prerequisite of .PHONY).
#  Implicit rule search has not been done.
#  File does not exist.
#  File has not been updated.

raindrops: cmake_check_build_system
#  Phony target (prerequisite of .PHONY).
#  Implicit rule search has not been done.
#  File does not exist.
#  File has not been updated.
#  commands to execute (from `Makefile', line 150):
	$(MAKE) $(MAKESILENT) -f CMakeFiles/Makefile2 raindrops
	

raindrops_test.s: raindrops_test.cpp.s
#  Phony target (prerequisite of .PHONY).
#  Implicit rule search has not been done.
#  File does not exist.
#  File has not been updated.

rebuild_cache:
#  Phony target (prerequisite of .PHONY).
#  Implicit rule search has not been done.
#  File does not exist.
#  File has not been updated.
#  commands to execute (from `Makefile', line 80):
	@$(CMAKE_COMMAND) -E cmake_echo_color --switch=$(COLOR) --cyan "Running CMake to regenerate build system..."
	/usr/local/Cellar/cmake/3.19.2/bin/cmake --regenerate-during-build -S$(CMAKE_SOURCE_DIR) -B$(CMAKE_BINARY_DIR)
	

# files hash-table stats:
# Load=43/1024=4%, Rehash=0, Collisions=4/148=3%
# VPATH Search Paths

# No `vpath' search paths.

# No general (`VPATH' variable) search path.

# # of strings in strcache: 1
# # of strcache buffers: 1
# strcache size: total = 4096 / max = 4096 / min = 4096 / avg = 4096
# strcache free: total = 4087 / max = 4087 / min = 4087 / avg = 4087

# Finished Make data base on Sat Dec 11 18:32:52 2021

 
